<?xml version="1.0" encoding="UTF-8"?>
<!-- Generated by org.testng.reporters.JUnitXMLReporter -->
<testsuite hostname="Ashish" ignored="0" name="EdgeTest" tests="1" failures="0" timestamp="30 Dec 2018 18:02:37 GMT" time="0.159" errors="0">
  <testcase name="@BeforeTest setup" time="0.122" classname="library.CrossBrowser">
    <failure type="java.lang.IllegalStateException" message="The driver executable does not exist: C:\Users\Ashish Rai\eclipse-workspace\Framework\.\MicrosoftWebDriver.exe">
      <![CDATA[java.lang.IllegalStateException: The driver executable does not exist: C:\Users\Ashish Rai\eclipse-workspace\Framework\.\MicrosoftWebDriver.exe
at com.google.common.base.Preconditions.checkState(Preconditions.java:585)
at org.openqa.selenium.remote.service.DriverService.checkExecutable(DriverService.java:146)
at org.openqa.selenium.remote.service.DriverService.findExecutable(DriverService.java:141)
at org.openqa.selenium.edge.EdgeDriverService.access$000(EdgeDriverService.java:37)
at org.openqa.selenium.edge.EdgeDriverService$Builder.findDefaultExecutable(EdgeDriverService.java:90)
at org.openqa.selenium.remote.service.DriverService$Builder.build(DriverService.java:355)
at org.openqa.selenium.edge.EdgeDriverService.createDefaultService(EdgeDriverService.java:70)
at org.openqa.selenium.edge.EdgeDriver.<init>(EdgeDriver.java:96)
at library.CrossBrowser.setup(CrossBrowser.java:39)
at java.util.concurrent.FutureTask.run(Unknown Source)
at java.util.concurrent.ThreadPoolExecutor.runWorker(Unknown Source)
at java.util.concurrent.ThreadPoolExecutor$Worker.run(Unknown Source)
at java.lang.Thread.run(Unknown Source)
... Removed 15 stack frames]]>
    </failure>
  </testcase> <!-- @BeforeTest setup -->
  <testcase name="testParameterWithXML" time="0.0" classname="library.CrossBrowser">
    <skipped/>
  </testcase> <!-- testParameterWithXML -->
</testsuite> <!-- EdgeTest -->
